
> 3dblog-app@0.1.0 dev
> next dev

▲ Next.js 16.2.0 (Turbopack)
- Local:         http://localhost:3000
- Network:       http://169.254.105.226:3000
✓ Ready in 1187ms
⚠ Warning: Next.js inferred your workspace root, but it may not be correct.
 We detected multiple lockfiles and selected the directory of C:\Users\woodfish\package-lock.json as the root directory.
 To silence this warning, set `turbopack.root` in your Next.js config, or consider removing one of the lockfiles if it's not needed.
   See https://nextjs.org/docs/app/api-reference/config/next-config-js/turbopack#root-directory for more information.
 Detected additional lockfiles: 
   * C:\Users\woodfish\Desktop\three.js.learn\3Dblog\package-lock.json


 GET / 200 in 4.1s (next.js: 3.5s, application-code: 591ms)
⚠ Blocked cross-origin request to Next.js dev resource /_next/webpack-hmr from "127.0.0.1".
Cross-origin access to Next.js dev resources is blocked by default for safety.

To allow this host in development, add it to "allowedDevOrigins" in next.config.js and restart the dev server:

// next.config.js
module.exports = {
  allowedDevOrigins: ['127.0.0.1'],
}

Read more: https://nextjs.org/docs/app/api-reference/config/next-config-js/allowedDevOrigins
⚠ Blocked cross-origin request to Next.js dev resource /__nextjs_font/geist-latin.woff2 from "127.0.0.1".
Cross-origin access to Next.js dev resources is blocked by default for safety.

To allow this host in development, add it to "allowedDevOrigins" in next.config.js and restart the dev server:

// next.config.js
module.exports = {
  allowedDevOrigins: ['127.0.0.1'],
}

Read more: https://nextjs.org/docs/app/api-reference/config/next-config-js/allowedDevOrigins
 GET / 200 in 55ms (next.js: 5ms, application-code: 50ms)
 GET / 200 in 41ms (next.js: 5ms, application-code: 36ms)
⚠ Found a change in next.config.ts. Restarting the server to apply the changes...
▲ Next.js 16.2.0 (Turbopack)
- Local:         http://localhost:3000
- Network:       http://169.254.105.226:3000
✓ Ready in 673ms

○ Compiling / ...

thread '<unnamed>' panicked at C:\Users\runneradmin\.cargo\registry\src\index.crates.io-1949cf8c6b5b557f\rayon-core-1.12.1\src\registry.rs:168:10:
The global thread pool has not been initialized.: ThreadPoolBuildError { kind: IOError(Os { code: 1455, kind: Uncategorized, message: "页面文件太小，无法完成操作。" }) }
note: run with `RUST_BACKTRACE=1` environment variable to display a backtrace


#
# Fatal process out of memory: Re-embedded builtins: set permissions
#
----- Native stack trace -----

 1: 00007FF6082B18E7 
 2: 00007FF6081820FF 
 3: 00007FF609481016 
 4: 00007FF608E1AEA3 
 5: 00007FF608E07916 
 6: 00007FF608CB0E5A 
 7: 00007FF608CD7F6A 
 8: 00007FF608CD5F4F 
 9: 00007FF608908FF3 
10: 00007FF608E10A41 
11: 00007FF6082F098D 
12: 00007FF6080C88F5 
13: 00007FF6080CED22 
14: 00007FF6080C2305 
15: 00007FF6083118F3 
16: 00007FF609B9964B 
17: 00007FFF1884E8D7 BaseThreadInitThunk+23
18: 00007FFF1A43C5DC RtlUserThreadStart+44
